Thu May 26 12:49:24 2022: build-wrapper, version 6.33 (win-x86-64)
Thu May 26 12:49:24 2022: isWow64: 0
Thu May 26 12:49:24 2022: windows version: 6.2, service pack: 0.0, build number: 9200, product type: 1
Thu May 26 12:49:24 2022: current directory: C:\Users\Pc\Desktop\ayudaa\ayuda
Thu May 26 12:49:24 2022: cwd: <C:\Users\Pc\Desktop\ayudaa\ayuda>
Thu May 26 12:49:24 2022: out-dir absolute path: <C:\Users\Pc\Desktop\ayudaa\ayuda\bw-output>
Thu May 26 12:49:24 2022: command line received: <g++ eje3.cpp>
Thu May 26 12:49:24 2022: initializing json file
Thu May 26 12:49:24 2022: starting debug cycle
Thu May 26 12:49:24 2022: process created with pid: 1764
Thu May 26 12:49:24 2022: image path name: <C:\Strawberry\c\bin\g++.exe>
Thu May 26 12:49:24 2022: command line: <g++ eje3.cpp>
Thu May 26 12:49:24 2022: working directory: <C:\Users\Pc\Desktop\ayudaa\ayuda\>
Thu May 26 12:49:24 2022: isWow64: 0
Thu May 26 12:49:24 2022: env0: <ALLUSERSPROFILE=C:\ProgramData>
Thu May 26 12:49:24 2022: env1: <APPDATA=C:\Users\Pc\AppData\Roaming>
Thu May 26 12:49:24 2022: env2: <CHROME_CRASHPAD_PIPE_NAME=\\.\pipe\crashpad_9088_HCUBVZRLAIOSQFEH>
Thu May 26 12:49:24 2022: env3: <CommonProgramFiles=C:\Program Files\Common Files>
Thu May 26 12:49:24 2022: env4: <CommonProgramFiles(x86)=C:\Program Files (x86)\Common Files>
Thu May 26 12:49:24 2022: env5: <CommonProgramW6432=C:\Program Files\Common Files>
Thu May 26 12:49:24 2022: env6: <COMPUTERNAME=DESKTOP-FIPK858>
Thu May 26 12:49:24 2022: env7: <ComSpec=C:\Windows\system32\cmd.exe>
Thu May 26 12:49:24 2022: env8: <CYGWIN=wincmdln>
Thu May 26 12:49:24 2022: env9: <DriverData=C:\Windows\System32\Drivers\DriverData>
Thu May 26 12:49:24 2022: env10: <FONTCONFIG_FILE=C:\Windows\fonts.conf>
Thu May 26 12:49:24 2022: env11: <HOMEDRIVE=C:>
Thu May 26 12:49:24 2022: env12: <HOMEPATH=\Users\Pc>
Thu May 26 12:49:24 2022: env13: <IntelliJ IDEA=C:\Program Files\JetBrains\IntelliJ IDEA 2021.3.3\bin;>
Thu May 26 12:49:24 2022: env14: <JAVA_HOME=C:\Program Files\Java\jdk1.8.0_202>
Thu May 26 12:49:24 2022: env15: <LOCALAPPDATA=C:\Users\Pc\AppData\Local>
Thu May 26 12:49:24 2022: env16: <LOGONSERVER=\\DESKTOP-FIPK858>
Thu May 26 12:49:24 2022: env17: <M2_HOME=C:\apache-maven-3.8.5>
Thu May 26 12:49:24 2022: env18: <MAVEN_HOME=C:\apache-maven-3.8.5>
Thu May 26 12:49:24 2022: env19: <NUMBER_OF_PROCESSORS=8>
Thu May 26 12:49:24 2022: env20: <OneDrive=C:\Users\Pc\OneDrive>
Thu May 26 12:49:24 2022: env21: <ORIGINAL_XDG_CURRENT_DESKTOP=undefined>
Thu May 26 12:49:24 2022: env22: <OS=Windows_NT>
Thu May 26 12:49:24 2022: env23: <Path=C:\Program Files (x86)\Common Files\Oracle\Java\javapath;C:\Program Files (x86)\Java\jre1.8.0_333\bin;C:\Windows\system32;C:\Windows;C:\Windows\System32\Wbem;C:\Windows\System32\WindowsPowerShell\v1.0\;C:\Windows\System32\OpenSSH\;C:\Strawberry;C:\Strawberry\c\bin;C:\Program Files (x86)\Common Files\Oracle\Java\javapath;C:\Program Files\Git\cmd;C:\apache-maven-3.8.5\bin;C:\Users\Pc\AppData\Local\Programs\Python\Python37\Scripts\;C:\Users\Pc\AppData\Local\Programs\Python\Python37\;C:\Users\Pc\AppData\Local\Microsoft\WindowsApps;C:\Microsoft VS Code\bin;C:\iverilog\bin;C:\iverilog\gtkwave\bin;C:\Program Files\JetBrains\IntelliJ IDEA 2021.3.3\bin;;C:\Strawberry;C:\Strawberry\c;C:\Program Files (x86)\Common Files\Oracle\Java\javapath;C:\build-wrapper-win-x86;C:\bin;>
Thu May 26 12:49:24 2022: env24: <PATHEXT=.COM;.EXE;.BAT;.CMD;.VBS;.VBE;.JS;.JSE;.WSF;.WSH;.MSC;.CPL>
Thu May 26 12:49:24 2022: env25: <PROCESSOR_ARCHITECTURE=AMD64>
Thu May 26 12:49:24 2022: env26: <PROCESSOR_IDENTIFIER=Intel64 Family 6 Model 142 Stepping 10, GenuineIntel>
Thu May 26 12:49:24 2022: env27: <PROCESSOR_LEVEL=6>
Thu May 26 12:49:24 2022: env28: <PROCESSOR_REVISION=8e0a>
Thu May 26 12:49:24 2022: env29: <ProgramData=C:\ProgramData>
Thu May 26 12:49:24 2022: env30: <ProgramFiles=C:\Program Files>
Thu May 26 12:49:24 2022: env31: <ProgramFiles(x86)=C:\Program Files (x86)>
Thu May 26 12:49:24 2022: env32: <ProgramW6432=C:\Program Files>
Thu May 26 12:49:24 2022: env33: <PSModulePath=C:\Users\Pc\Documents\WindowsPowerShell\Modules;C:\Program Files\WindowsPowerShell\Modules;C:\Windows\system32\WindowsPowerShell\v1.0\Modules>
Thu May 26 12:49:24 2022: env34: <PUBLIC=C:\Users\Public>
Thu May 26 12:49:24 2022: env35: <SESSIONNAME=Console>
Thu May 26 12:49:24 2022: env36: <SONAR_TOKEN=7a8eb09e36e7a7ea0d8b84d2d0135b41a33dfe43>
Thu May 26 12:49:24 2022: env37: <SystemDrive=C:>
Thu May 26 12:49:24 2022: env38: <SystemRoot=C:\Windows>
Thu May 26 12:49:24 2022: env39: <TEMP=C:\Users\Pc\AppData\Local\Temp>
Thu May 26 12:49:24 2022: env40: <TMP=C:\Users\Pc\AppData\Local\Temp>
Thu May 26 12:49:24 2022: env41: <USERDOMAIN=DESKTOP-FIPK858>
Thu May 26 12:49:24 2022: env42: <USERDOMAIN_ROAMINGPROFILE=DESKTOP-FIPK858>
Thu May 26 12:49:24 2022: env43: <USERNAME=Pc>
Thu May 26 12:49:24 2022: env44: <USERPROFILE=C:\Users\Pc>
Thu May 26 12:49:24 2022: env45: <VBOX_MSI_INSTALL_PATH=C:\Program Files\Oracle\VirtualBox\>
Thu May 26 12:49:24 2022: env46: <windir=C:\Windows>
Thu May 26 12:49:24 2022: env47: <TERM_PROGRAM=vscode>
Thu May 26 12:49:24 2022: env48: <TERM_PROGRAM_VERSION=1.67.2>
Thu May 26 12:49:24 2022: env49: <LANG=es_ES.UTF-8>
Thu May 26 12:49:24 2022: env50: <COLORTERM=truecolor>
Thu May 26 12:49:24 2022: env51: <VSCODE_GIT_IPC_HANDLE=\\.\pipe\vscode-git-ef6ae4852d-sock>
Thu May 26 12:49:24 2022: env52: <VSCODE_GIT_ASKPASS_NODE=C:\Microsoft VS Code\Code.exe>
Thu May 26 12:49:24 2022: env53: <VSCODE_GIT_ASKPASS_EXTRA_ARGS=--ms-enable-electron-run-as-node>
Thu May 26 12:49:24 2022: env54: <VSCODE_GIT_ASKPASS_MAIN=c:\Microsoft VS Code\resources\app\extensions\git\dist\askpass-main.js>
Thu May 26 12:49:24 2022: env55: <GIT_ASKPASS=c:\Microsoft VS Code\resources\app\extensions\git\dist\askpass.sh>
Thu May 26 12:49:24 2022: env56: <_NO_DEBUG_HEAP=1>
Thu May 26 12:49:24 2022: process created with pid: 11696
Thu May 26 12:49:24 2022: image path name: <C:\Strawberry\c\bin\..\libexec\gcc\x86_64-w64-mingw32\8.3.0\cc1plus.exe>
Thu May 26 12:49:24 2022: command line: <C:/Strawberry/c/bin/../libexec/gcc/x86_64-w64-mingw32/8.3.0/cc1plus.exe -quiet -iprefix C:/Strawberry/c/bin/../lib/gcc/x86_64-w64-mingw32/8.3.0/ -D_REENTRANT eje3.cpp -quiet -dumpbase eje3.cpp -mtune=core2 -march=nocona -auxbase eje3 -o C:\Users\Pc\AppData\Local\Temp\ccsRRzOT.s>
Thu May 26 12:49:24 2022: working directory: <C:\Users\Pc\Desktop\ayudaa\ayuda\>
Thu May 26 12:49:24 2022: isWow64: 0
Thu May 26 12:49:24 2022: skipping process C:\Strawberry\c\bin\..\libexec\gcc\x86_64-w64-mingw32\8.3.0\cc1plus.exe with pid: 11696
Thu May 26 12:49:25 2022: process with pid 11696 exit with code: 0 (0x0)
Thu May 26 12:49:25 2022: process created with pid: 1352
Thu May 26 12:49:25 2022: image path name: <C:\Strawberry\c\bin\..\lib\gcc\x86_64-w64-mingw32\8.3.0\..\..\..\..\x86_64-w64-mingw32\bin\as.exe>
Thu May 26 12:49:25 2022: command line: <C:/Strawberry/c/bin/../lib/gcc/x86_64-w64-mingw32/8.3.0/../../../../x86_64-w64-mingw32/bin/as.exe -o C:\Users\Pc\AppData\Local\Temp\ccnwagBZ.o C:\Users\Pc\AppData\Local\Temp\ccsRRzOT.s>
Thu May 26 12:49:25 2022: working directory: <C:\Users\Pc\Desktop\ayudaa\ayuda\>
Thu May 26 12:49:25 2022: isWow64: 0
Thu May 26 12:49:25 2022: skipping process C:\Strawberry\c\bin\..\lib\gcc\x86_64-w64-mingw32\8.3.0\..\..\..\..\x86_64-w64-mingw32\bin\as.exe with pid: 1352
Thu May 26 12:49:25 2022: process with pid 1352 exit with code: 0 (0x0)
Thu May 26 12:49:25 2022: process created with pid: 1652
Thu May 26 12:49:25 2022: image path name: <C:\Strawberry\c\bin\..\libexec\gcc\x86_64-w64-mingw32\8.3.0\collect2.exe>
Thu May 26 12:49:25 2022: command line: <C:/Strawberry/c/bin/../libexec/gcc/x86_64-w64-mingw32/8.3.0/collect2.exe -plugin C:/Strawberry/c/bin/../libexec/gcc/x86_64-w64-mingw32/8.3.0/liblto_plugin-0.dll -plugin-opt=C:/Strawberry/c/bin/../libexec/gcc/x86_64-w64-mingw32/8.3.0/lto-wrapper.exe -plugin-opt=-fresolution=C:\Users\Pc\AppData\Local\Temp\cc4R0GP6.res -plugin-opt=-pass-through=-lmingw32 -plugin-opt=-pass-through=-lgcc_s -plugin-opt=-pass-through=-lgcc -plugin-opt=-pass-through=-lmoldname -plugin-opt=-pass-through=-lmingwex -plugin-opt=-pass-through=-lmsvcrt -plugin-opt=-pass-through=-lpthread -plugin-opt=-pass-through=-ladvapi32 -plugin-opt=-pass-through=-lshell32 -plugin-opt=-pass-through=-luser32 -plugin-opt=-pass-through=-lkernel32 -plugin-opt=-pass-through=-liconv -plugin-opt=-pass-through=-lmingw32 -plugin-opt=-pass-through=-lgcc_s -plugin-opt=-pass-through=-lgcc -plugin-opt=-pass-through=-lmoldname -plugin-opt=-pass-through=-lmingwex -plugin-opt=-pass-through=-lmsvcrt -m i386pep -Bdynamic C:/Strawberry/c/bin/../lib/gcc/x86_64-w64-mingw32/8.3.0/../../../../x86_64-w64-mingw32/lib/../lib/crt2.o C:/Strawberry/c/bin/../lib/gcc/x86_64-w64-mingw32/8.3.0/crtbegin.o -LC:/Strawberry/c/bin/../lib/gcc/x86_64-w64-mingw32/8.3.0 -LC:/Strawberry/c/bin/../lib/gcc -LC:/Strawberry/c/bin/../lib/gcc/x86_64-w64-mingw32/8.3.0/../../../../x86_64-w64-mingw32/lib/../lib -LC:/Strawberry/c/bin/../lib/gcc/x86_64-w64-mingw32/8.3.0/../../../../lib -LC:/Strawberry/c/bin/../lib/gcc/x86_64-w64-mingw32/8.3.0/../../../../x86_64-w64-mingw32/lib -LC:/Strawberry/c/bin/../lib/gcc/x86_64-w64-mingw32/8.3.0/../../.. C:\Users\Pc\AppData\Local\Temp\ccnwagBZ.o -lstdc++ -lmingw32 -lgcc_s -lgcc -lmoldname -lmingwex -lmsvcrt -lpthread -ladvapi32 -lshell32 -luser32 -lkernel32 -liconv -lmingw32 -lgcc_s -lgcc -lmoldname -lmingwex -lmsvcrt C:/Strawberry/c/bin/../lib/gcc/x86_64-w64-mingw32/8.3.0/crtend.o>
Thu May 26 12:49:25 2022: working directory: <C:\Users\Pc\Desktop\ayudaa\ayuda\>
Thu May 26 12:49:25 2022: isWow64: 0
Thu May 26 12:49:25 2022: skipping process C:\Strawberry\c\bin\..\libexec\gcc\x86_64-w64-mingw32\8.3.0\collect2.exe with pid: 1652
Thu May 26 12:49:25 2022: process created with pid: 13124
Thu May 26 12:49:25 2022: image path name: <C:\Strawberry\c\bin\..\lib\gcc\x86_64-w64-mingw32\8.3.0\..\..\..\..\x86_64-w64-mingw32\bin\ld.exe>
Thu May 26 12:49:25 2022: command line: <C:/Strawberry/c/bin/../lib/gcc/x86_64-w64-mingw32/8.3.0/../../../../x86_64-w64-mingw32/bin/ld.exe -plugin C:/Strawberry/c/bin/../libexec/gcc/x86_64-w64-mingw32/8.3.0/liblto_plugin-0.dll -plugin-opt=C:/Strawberry/c/bin/../libexec/gcc/x86_64-w64-mingw32/8.3.0/lto-wrapper.exe -plugin-opt=-fresolution=C:\Users\Pc\AppData\Local\Temp\cc4R0GP6.res -plugin-opt=-pass-through=-lmingw32 -plugin-opt=-pass-through=-lgcc_s -plugin-opt=-pass-through=-lgcc -plugin-opt=-pass-through=-lmoldname -plugin-opt=-pass-through=-lmingwex -plugin-opt=-pass-through=-lmsvcrt -plugin-opt=-pass-through=-lpthread -plugin-opt=-pass-through=-ladvapi32 -plugin-opt=-pass-through=-lshell32 -plugin-opt=-pass-through=-luser32 -plugin-opt=-pass-through=-lkernel32 -plugin-opt=-pass-through=-liconv -plugin-opt=-pass-through=-lmingw32 -plugin-opt=-pass-through=-lgcc_s -plugin-opt=-pass-through=-lgcc -plugin-opt=-pass-through=-lmoldname -plugin-opt=-pass-through=-lmingwex -plugin-opt=-pass-through=-lmsvcrt -m i386pep -Bdynamic C:/Strawberry/c/bin/../lib/gcc/x86_64-w64-mingw32/8.3.0/../../../../x86_64-w64-mingw32/lib/../lib/crt2.o C:/Strawberry/c/bin/../lib/gcc/x86_64-w64-mingw32/8.3.0/crtbegin.o -LC:/Strawberry/c/bin/../lib/gcc/x86_64-w64-mingw32/8.3.0 -LC:/Strawberry/c/bin/../lib/gcc -LC:/Strawberry/c/bin/../lib/gcc/x86_64-w64-mingw32/8.3.0/../../../../x86_64-w64-mingw32/lib/../lib -LC:/Strawberry/c/bin/../lib/gcc/x86_64-w64-mingw32/8.3.0/../../../../lib -LC:/Strawberry/c/bin/../lib/gcc/x86_64-w64-mingw32/8.3.0/../../../../x86_64-w64-mingw32/lib -LC:/Strawberry/c/bin/../lib/gcc/x86_64-w64-mingw32/8.3.0/../../.. C:\Users\Pc\AppData\Local\Temp\ccnwagBZ.o -lstdc++ -lmingw32 -lgcc_s -lgcc -lmoldname -lmingwex -lmsvcrt -lpthread -ladvapi32 -lshell32 -luser32 -lkernel32 -liconv -lmingw32 -lgcc_s -lgcc -lmoldname -lmingwex -lmsvcrt C:/Strawberry/c/bin/../lib/gcc/x86_64-w64-mingw32/8.3.0/crtend.o>
Thu May 26 12:49:25 2022: working directory: <C:\Users\Pc\Desktop\ayudaa\ayuda\>
Thu May 26 12:49:25 2022: isWow64: 0
Thu May 26 12:49:25 2022: skipping process C:\Strawberry\c\bin\..\lib\gcc\x86_64-w64-mingw32\8.3.0\..\..\..\..\x86_64-w64-mingw32\bin\ld.exe with pid: 13124
Thu May 26 12:49:25 2022: process with pid 13124 exit with code: 0 (0x0)
Thu May 26 12:49:25 2022: process with pid 1652 exit with code: 0 (0x0)
Thu May 26 12:49:25 2022: process with pid 1764 exit with code: 0 (0x0)
Thu May 26 12:49:25 2022: finalizing json file
